Vivado Simulator 2019.2
Time resolution is 1 ps
 Block Memory Generator module loading initial data...
 Block Memory Generator data initialization complete.
Block Memory Generator module tb_top.soc_lite.inst_ram.inst.native_mem_module.blk_mem_gen_v8_4_4_inst is using a behavioral model for simulation which will not precisely model memory collision behavior.
Block Memory Generator module tb_top.soc_lite.data_ram.inst.native_mem_module.blk_mem_gen_v8_4_4_inst is using a behavioral model for simulation which will not precisely model memory collision behavior.
==============================================================
Test begin!
        [  22000 ns] Test is running, debug_wb_pc = 0x1c047528
----[  27915 ns] Number 8'd01 Functional Test Point PASS!!!
        [  32000 ns] Test is running, debug_wb_pc = 0x1c0995d4
        [  42000 ns] Test is running, debug_wb_pc = 0x1c09a574
        [  52000 ns] Test is running, debug_wb_pc = 0x1c09b514
        [  62000 ns] Test is running, debug_wb_pc = 0x1c09c4b4
        [  72000 ns] Test is running, debug_wb_pc = 0x1c09d454
        [  82000 ns] Test is running, debug_wb_pc = 0x1c09e3f4
        [  92000 ns] Test is running, debug_wb_pc = 0x1c09f394
        [ 102000 ns] Test is running, debug_wb_pc = 0x1c0a0334
        [ 112000 ns] Test is running, debug_wb_pc = 0x1c0a12d4
----[ 113075 ns] Number 8'd02 Functional Test Point PASS!!!
        [ 122000 ns] Test is running, debug_wb_pc = 0x1c05506c
        [ 132000 ns] Test is running, debug_wb_pc = 0x1c05600c
        [ 142000 ns] Test is running, debug_wb_pc = 0x1c056fac
        [ 152000 ns] Test is running, debug_wb_pc = 0x1c057f4c
        [ 162000 ns] Test is running, debug_wb_pc = 0x1c058eec
        [ 172000 ns] Test is running, debug_wb_pc = 0x1c059e8c
----[ 180175 ns] Number 8'd03 Functional Test Point PASS!!!
        [ 182000 ns] Test is running, debug_wb_pc = 0x1c017e84
        [ 192000 ns] Test is running, debug_wb_pc = 0x1c018e24
        [ 202000 ns] Test is running, debug_wb_pc = 0x1c019dc4
        [ 212000 ns] Test is running, debug_wb_pc = 0x1c01ad64
        [ 222000 ns] Test is running, debug_wb_pc = 0x1c01bd04
        [ 232000 ns] Test is running, debug_wb_pc = 0x1c01cca4
        [ 242000 ns] Test is running, debug_wb_pc = 0x1c01dc44
        [ 252000 ns] Test is running, debug_wb_pc = 0x1c01ebe4
        [ 262000 ns] Test is running, debug_wb_pc = 0x1c01fb84
----[ 268345 ns] Number 8'd04 Functional Test Point PASS!!!
        [ 272000 ns] Test is running, debug_wb_pc = 0x1c05aff0
        [ 282000 ns] Test is running, debug_wb_pc = 0x1c05bf90
        [ 292000 ns] Test is running, debug_wb_pc = 0x1c05cf30
        [ 302000 ns] Test is running, debug_wb_pc = 0x1c05ded0
        [ 312000 ns] Test is running, debug_wb_pc = 0x1c05ee70
        [ 322000 ns] Test is running, debug_wb_pc = 0x1c05fe10
        [ 332000 ns] Test is running, debug_wb_pc = 0x1c060db0
        [ 342000 ns] Test is running, debug_wb_pc = 0x1c061d50
        [ 352000 ns] Test is running, debug_wb_pc = 0x1c062cf0
----[ 356515 ns] Number 8'd05 Functional Test Point PASS!!!
        [ 362000 ns] Test is running, debug_wb_pc = 0x1c03693c
        [ 372000 ns] Test is running, debug_wb_pc = 0x1c0378dc
        [ 382000 ns] Test is running, debug_wb_pc = 0x1c03887c
        [ 392000 ns] Test is running, debug_wb_pc = 0x1c03981c
        [ 402000 ns] Test is running, debug_wb_pc = 0x1c03a7bc
        [ 412000 ns] Test is running, debug_wb_pc = 0x1c03b75c
        [ 422000 ns] Test is running, debug_wb_pc = 0x1c03c6fc
        [ 432000 ns] Test is running, debug_wb_pc = 0x1c03d69c
        [ 442000 ns] Test is running, debug_wb_pc = 0x1c03e63c
----[ 444685 ns] Number 8'd06 Functional Test Point PASS!!!
        [ 452000 ns] Test is running, debug_wb_pc = 0x1c00fe68
        [ 462000 ns] Test is running, debug_wb_pc = 0x1c010e08
        [ 472000 ns] Test is running, debug_wb_pc = 0x1c011da8
        [ 482000 ns] Test is running, debug_wb_pc = 0x1c012d48
        [ 492000 ns] Test is running, debug_wb_pc = 0x1c013ce8
        [ 502000 ns] Test is running, debug_wb_pc = 0x1c014c88
        [ 512000 ns] Test is running, debug_wb_pc = 0x1c015c28
        [ 522000 ns] Test is running, debug_wb_pc = 0x1c016bc8
        [ 532000 ns] Test is running, debug_wb_pc = 0x1c017b68
----[ 532855 ns] Number 8'd07 Functional Test Point PASS!!!
        [ 542000 ns] Test is running, debug_wb_pc = 0x1c0a21b4
        [ 552000 ns] Test is running, debug_wb_pc = 0x1c0a3154
        [ 562000 ns] Test is running, debug_wb_pc = 0x1c0a40f4
        [ 572000 ns] Test is running, debug_wb_pc = 0x1c0a5094
        [ 582000 ns] Test is running, debug_wb_pc = 0x1c0a6034
        [ 592000 ns] Test is running, debug_wb_pc = 0x1c0a6fd4
        [ 602000 ns] Test is running, debug_wb_pc = 0x1c0a7f74
        [ 612000 ns] Test is running, debug_wb_pc = 0x1c0a8f14
----[ 621025 ns] Number 8'd08 Functional Test Point PASS!!!
        [ 622000 ns] Test is running, debug_wb_pc = 0x1c063470
        [ 632000 ns] Test is running, debug_wb_pc = 0x1c064410
        [ 642000 ns] Test is running, debug_wb_pc = 0x1c0653b0
        [ 652000 ns] Test is running, debug_wb_pc = 0x1c066350
        [ 662000 ns] Test is running, debug_wb_pc = 0x1c0672f0
        [ 672000 ns] Test is running, debug_wb_pc = 0x1c068290
        [ 682000 ns] Test is running, debug_wb_pc = 0x1c069230
        [ 692000 ns] Test is running, debug_wb_pc = 0x1c06a1d0
        [ 702000 ns] Test is running, debug_wb_pc = 0x1c06b170
----[ 709195 ns] Number 8'd09 Functional Test Point PASS!!!
        [ 712000 ns] Test is running, debug_wb_pc = 0x1c090b24
        [ 722000 ns] Test is running, debug_wb_pc = 0x1c091ac4
        [ 732000 ns] Test is running, debug_wb_pc = 0x1c092a64
        [ 742000 ns] Test is running, debug_wb_pc = 0x1c093a04
        [ 752000 ns] Test is running, debug_wb_pc = 0x1c0949a4
        [ 762000 ns] Test is running, debug_wb_pc = 0x1c095944
        [ 772000 ns] Test is running, debug_wb_pc = 0x1c0968e4
        [ 782000 ns] Test is running, debug_wb_pc = 0x1c097884
        [ 792000 ns] Test is running, debug_wb_pc = 0x1c098824
----[ 797365 ns] Number 8'd10 Functional Test Point PASS!!!
        [ 802000 ns] Test is running, debug_wb_pc = 0x1c0aa358
        [ 812000 ns] Test is running, debug_wb_pc = 0x1c0ab2f8
        [ 822000 ns] Test is running, debug_wb_pc = 0x1c0ac298
        [ 832000 ns] Test is running, debug_wb_pc = 0x1c0ad238
        [ 842000 ns] Test is running, debug_wb_pc = 0x1c0ae1d8
        [ 852000 ns] Test is running, debug_wb_pc = 0x1c0af178
        [ 862000 ns] Test is running, debug_wb_pc = 0x1c0b0118
----[ 867475 ns] Number 8'd11 Functional Test Point PASS!!!
        [ 872000 ns] Test is running, debug_wb_pc = 0x1c07a0d4
        [ 882000 ns] Test is running, debug_wb_pc = 0x1c07b074
        [ 892000 ns] Test is running, debug_wb_pc = 0x1c07c014
        [ 902000 ns] Test is running, debug_wb_pc = 0x1c07cfb4
        [ 912000 ns] Test is running, debug_wb_pc = 0x1c07df54
        [ 922000 ns] Test is running, debug_wb_pc = 0x1c07eef4
        [ 932000 ns] Test is running, debug_wb_pc = 0x1c07fe94
----[ 937585 ns] Number 8'd12 Functional Test Point PASS!!!
        [ 942000 ns] Test is running, debug_wb_pc = 0x1c03f040
        [ 952000 ns] Test is running, debug_wb_pc = 0x1c03ffe0
        [ 962000 ns] Test is running, debug_wb_pc = 0x1c040f80
        [ 972000 ns] Test is running, debug_wb_pc = 0x1c041f20
        [ 982000 ns] Test is running, debug_wb_pc = 0x1c042ec0
        [ 992000 ns] Test is running, debug_wb_pc = 0x1c043e60
        [1002000 ns] Test is running, debug_wb_pc = 0x1c044e00
----[1007695 ns] Number 8'd13 Functional Test Point PASS!!!
        [1012000 ns] Test is running, debug_wb_pc = 0x1c0b0f4c
        [1022000 ns] Test is running, debug_wb_pc = 0x1c0b1eec
        [1032000 ns] Test is running, debug_wb_pc = 0x1c0b2e8c
----[1032255 ns] Number 8'd14 Functional Test Point PASS!!!
        [1042000 ns] Test is running, debug_wb_pc = 0x1c0b3d14
        [1052000 ns] Test is running, debug_wb_pc = 0x1c0b4cb4
----[1058665 ns] Number 8'd15 Functional Test Point PASS!!!
        [1062000 ns] Test is running, debug_wb_pc = 0x1c0b5c8c
        [1072000 ns] Test is running, debug_wb_pc = 0x1c0b713c
        [1082000 ns] Test is running, debug_wb_pc = 0x1c0b85ec
        [1092000 ns] Test is running, debug_wb_pc = 0x1c0b9a70
        [1102000 ns] Test is running, debug_wb_pc = 0x1c0baf20
        [1112000 ns] Test is running, debug_wb_pc = 0x1c0bc3d0
        [1122000 ns] Test is running, debug_wb_pc = 0x1c0bd610
        [1132000 ns] Test is running, debug_wb_pc = 0x1c0be72c
        [1142000 ns] Test is running, debug_wb_pc = 0x1c0bf808
        [1152000 ns] Test is running, debug_wb_pc = 0x1c0c0910
        [1162000 ns] Test is running, debug_wb_pc = 0x1c0c19b8
        [1172000 ns] Test is running, debug_wb_pc = 0x1c0c2b08
        [1182000 ns] Test is running, debug_wb_pc = 0x1c0c3c10
        [1192000 ns] Test is running, debug_wb_pc = 0x1c0c5044
        [1202000 ns] Test is running, debug_wb_pc = 0x1c0c64c8
        [1212000 ns] Test is running, debug_wb_pc = 0x1c0c7978
        [1222000 ns] Test is running, debug_wb_pc = 0x1c0c8e28
        [1232000 ns] Test is running, debug_wb_pc = 0x1c0ca2d8
----[1240225 ns] Number 8'd16 Functional Test Point PASS!!!
        [1242000 ns] Test is running, debug_wb_pc = 0x1c0206f0
        [1252000 ns] Test is running, debug_wb_pc = 0x1c021840
        [1262000 ns] Test is running, debug_wb_pc = 0x1c022948
        [1272000 ns] Test is running, debug_wb_pc = 0x1c023a50
        [1282000 ns] Test is running, debug_wb_pc = 0x1c024b6c
        [1292000 ns] Test is running, debug_wb_pc = 0x1c025c48
        [1302000 ns] Test is running, debug_wb_pc = 0x1c026d50
        [1312000 ns] Test is running, debug_wb_pc = 0x1c027f74
        [1322000 ns] Test is running, debug_wb_pc = 0x1c0293f8
        [1332000 ns] Test is running, debug_wb_pc = 0x1c02a8a8
        [1342000 ns] Test is running, debug_wb_pc = 0x1c02bd58
        [1352000 ns] Test is running, debug_wb_pc = 0x1c02d208
        [1362000 ns] Test is running, debug_wb_pc = 0x1c02e6b8
        [1372000 ns] Test is running, debug_wb_pc = 0x1c02f8dc
        [1382000 ns] Test is running, debug_wb_pc = 0x1c0309b8
        [1392000 ns] Test is running, debug_wb_pc = 0x1c031ac0
        [1402000 ns] Test is running, debug_wb_pc = 0x1c032bdc
        [1412000 ns] Test is running, debug_wb_pc = 0x1c033cb8
        [1422000 ns] Test is running, debug_wb_pc = 0x1c034dc0
        [1432000 ns] Test is running, debug_wb_pc = 0x1c035e68
----[1433665 ns] Number 8'd17 Functional Test Point PASS!!!
        [1442000 ns] Test is running, debug_wb_pc = 0x1c081430
        [1452000 ns] Test is running, debug_wb_pc = 0x1c082508
        [1462000 ns] Test is running, debug_wb_pc = 0x1c083620
        [1472000 ns] Test is running, debug_wb_pc = 0x1c08469c
        [1482000 ns] Test is running, debug_wb_pc = 0x1c0857a8
        [1492000 ns] Test is running, debug_wb_pc = 0x1c086880
        [1502000 ns] Test is running, debug_wb_pc = 0x1c087958
        [1512000 ns] Test is running, debug_wb_pc = 0x1c088a30
        [1522000 ns] Test is running, debug_wb_pc = 0x1c089b48
        [1532000 ns] Test is running, debug_wb_pc = 0x1c08abc4
        [1542000 ns] Test is running, debug_wb_pc = 0x1c08bcd0
        [1552000 ns] Test is running, debug_wb_pc = 0x1c08cda8
        [1562000 ns] Test is running, debug_wb_pc = 0x1c08de80
        [1572000 ns] Test is running, debug_wb_pc = 0x1c08ef58
        [1582000 ns] Test is running, debug_wb_pc = 0x1c090030
----[1586545 ns] Number 8'd18 Functional Test Point PASS!!!
        [1592000 ns] Test is running, debug_wb_pc = 0x1c048638
        [1602000 ns] Test is running, debug_wb_pc = 0x1c04968c
        [1612000 ns] Test is running, debug_wb_pc = 0x1c04a704
        [1622000 ns] Test is running, debug_wb_pc = 0x1c04b770
        [1632000 ns] Test is running, debug_wb_pc = 0x1c04c7c4
        [1642000 ns] Test is running, debug_wb_pc = 0x1c04d83c
        [1652000 ns] Test is running, debug_wb_pc = 0x1c04e8a8
        [1662000 ns] Test is running, debug_wb_pc = 0x1c04f8fc
        [1672000 ns] Test is running, debug_wb_pc = 0x1c050974
        [1682000 ns] Test is running, debug_wb_pc = 0x1c0519e0
        [1692000 ns] Test is running, debug_wb_pc = 0x1c052a34
        [1702000 ns] Test is running, debug_wb_pc = 0x1c053aac
----[1707425 ns] Number 8'd19 Functional Test Point PASS!!!
        [1712000 ns] Test is running, debug_wb_pc = 0x1c06c350
        [1722000 ns] Test is running, debug_wb_pc = 0x1c06d494
        [1732000 ns] Test is running, debug_wb_pc = 0x1c06e578
        [1742000 ns] Test is running, debug_wb_pc = 0x1c06f680
        [1752000 ns] Test is running, debug_wb_pc = 0x1c070770
        [1762000 ns] Test is running, debug_wb_pc = 0x1c0718a8
        [1772000 ns] Test is running, debug_wb_pc = 0x1c0729b0
        [1782000 ns] Test is running, debug_wb_pc = 0x1c073ad0
        [1792000 ns] Test is running, debug_wb_pc = 0x1c074bd8
        [1802000 ns] Test is running, debug_wb_pc = 0x1c075cc8
        [1812000 ns] Test is running, debug_wb_pc = 0x1c076e00
        [1822000 ns] Test is running, debug_wb_pc = 0x1c077f08
        [1832000 ns] Test is running, debug_wb_pc = 0x1c078ff8
----[1838305 ns] Number 8'd20 Functional Test Point PASS!!!
==============================================================
Test end!
----PASS!!!
$finish called at time : 1839455 ns : File "E:/tool/vivado/master/cdp_ede_local-master/cdp_ede_local-master-2/mycpu_env/soc_verify/soc_bram/testbench/mycpu_tb.v" Line 267
