#-----------------------------------------------------------
# Vivado v2019.2 (64-bit)
# SW Build 2708876 on Wed Nov  6 21:40:23 MST 2019
# IP Build 2700528 on Thu Nov  7 00:09:20 MST 2019
# Start of session at: Tue Sep  6 18:18:08 2022
# Process ID: 18952
# Current directory: E:/tool/vivado/master/cdp_ede_local-master/cdp_ede_local-master-2/mycpu_env/gettrace
# Command line: vivado.exe -gui_launcher_event rodinguilauncherevent11016 E:\tool\vivado\master\cdp_ede_local-master\cdp_ede_local-master-2\mycpu_env\gettrace\gettrace.xpr
# Log file: E:/tool/vivado/master/cdp_ede_local-master/cdp_ede_local-master-2/mycpu_env/gettrace/vivado.log
# Journal file: E:/tool/vivado/master/cdp_ede_local-master/cdp_ede_local-master-2/mycpu_env/gettrace\vivado.jou
#-----------------------------------------------------------
start_gui
open_project E:/tool/vivado/master/cdp_ede_local-master/cdp_ede_local-master-2/mycpu_env/gettrace/gettrace.xpr
INFO: [ProjectBase 1-489] The host OS only allows 260 characters in a normal path. The project is stored in a path with more than 80 characters. If you experience issues with IP, Block Designs, or files not being found, please consider moving the project to a location with a shorter path. Alternately consider using the OS subst command to map part of the path to a drive letter.
Current project path is 'E:/tool/vivado/master/cdp_ede_local-master/cdp_ede_local-master-2/mycpu_env/gettrace'
INFO: [Project 1-313] Project file moved from 'E:/tool/vivado/master/cdp_ede_local-master/cdp_ede_local-master/mycpu_env/gettrace' since last save.
Scanning sources...
Finished scanning sources
INFO: [IP_Flow 19-234] Refreshing IP repositories
INFO: [IP_Flow 19-1704] No user IP repositories specified
INFO: [IP_Flow 19-2313] Loaded Vivado IP repository 'E:/tool/vivado/Vivado/2019.2/data/ip'.
update_compile_order -fileset sources_1
launch_simulation
Command: launch_simulation 
INFO: [Vivado 12-5682] Launching behavioral simulation in 'E:/tool/vivado/master/cdp_ede_local-master/cdp_ede_local-master-2/mycpu_env/gettrace/gettrace.sim/sim_1/behav/xsim'
INFO: [SIM-utils-51] Simulation object is 'sim_1'
INFO: [SIM-utils-54] Inspecting design source files for 'tb_top' in fileset 'sim_1'...
INFO: [USF-XSim-97] Finding global include files...
INFO: [USF-XSim-98] Fetching design files from 'sim_1'...
INFO: [USF-XSim-2] XSim::Compile design
INFO: [USF-XSim-61] Executing 'COMPILE and ANALYZE' step in 'E:/tool/vivado/master/cdp_ede_local-master/cdp_ede_local-master-2/mycpu_env/gettrace/gettrace.sim/sim_1/behav/xsim'
"xvlog --incr --relax -prj tb_top_vlog.prj"
INFO: [VRFC 10-2263] Analyzing Verilog file "E:/tool/vivado/master/cdp_ede_local-master/cdp_ede_local-master-2/mycpu_env/gettrace/src/myCPU/SimpleLACoreWrapRAM.v" into library xil_defaultlib
INFO: [VRFC 10-311] analyzing module SimpleLACore
INFO: [VRFC 10-311] analyzing module SimpleLACoreWrapRAM
INFO: [VRFC 10-2263] Analyzing Verilog file "E:/tool/vivado/master/cdp_ede_local-master/cdp_ede_local-master-2/mycpu_env/gettrace/src/BRIDGE/bridge_1x2.v" into library xil_defaultlib
INFO: [VRFC 10-311] analyzing module bridge_1x2
INFO: [VRFC 10-2263] Analyzing Verilog file "E:/tool/vivado/master/cdp_ede_local-master/cdp_ede_local-master-2/mycpu_env/gettrace/src/CONFREG/confreg.v" into library xil_defaultlib
INFO: [VRFC 10-311] analyzing module confreg
INFO: [VRFC 10-2263] Analyzing Verilog file "E:/tool/vivado/master/cdp_ede_local-master/cdp_ede_local-master-2/mycpu_env/gettrace/src/soc_lite_top.v" into library xil_defaultlib
INFO: [VRFC 10-311] analyzing module soc_lite_top
INFO: [VRFC 10-2263] Analyzing Verilog file "E:/tool/vivado/master/cdp_ede_local-master/cdp_ede_local-master-2/mycpu_env/gettrace/src/tb_top.v" into library xil_defaultlib
INFO: [VRFC 10-311] analyzing module tb_top
INFO: [VRFC 10-2263] Analyzing Verilog file "E:/tool/vivado/master/cdp_ede_local-master/cdp_ede_local-master-2/mycpu_env/gettrace/gettrace.sim/sim_1/behav/xsim/glbl.v" into library xil_defaultlib
INFO: [VRFC 10-311] analyzing module glbl
INFO: [USF-XSim-69] 'compile' step finished in '2' seconds
INFO: [USF-XSim-3] XSim::Elaborate design
INFO: [USF-XSim-61] Executing 'ELABORATE' step in 'E:/tool/vivado/master/cdp_ede_local-master/cdp_ede_local-master-2/mycpu_env/gettrace/gettrace.sim/sim_1/behav/xsim'
"xelab -wto f64dd51de259492d93bd1922eb923ed9 --incr --debug typical --relax --mt 2 -L xil_defaultlib -L unisims_ver -L unimacro_ver -L secureip --snapshot tb_top_behav xil_defaultlib.tb_top xil_defaultlib.glbl -log elaborate.log"
Vivado Simulator 2019.2
Copyright 1986-1999, 2001-2019 Xilinx, Inc. All Rights Reserved.
Running: E:/tool/vivado/Vivado/2019.2/bin/unwrapped/win64.o/xelab.exe -wto f64dd51de259492d93bd1922eb923ed9 --incr --debug typical --relax --mt 2 -L xil_defaultlib -L unisims_ver -L unimacro_ver -L secureip --snapshot tb_top_behav xil_defaultlib.tb_top xil_defaultlib.glbl -log elaborate.log 
Using 2 slave threads.
Starting static elaboration
Pass Through NonSizing Optimizer
Completed static elaboration
Starting simulation data flow analysis
WARNING: [XSIM 43-4099] "E:/tool/vivado/master/cdp_ede_local-master/cdp_ede_local-master-2/mycpu_env/gettrace/src/soc_lite_top.v" Line 60. Module soc_lite_top(SIMULATION=1'b1) doesn't have a timescale but at least one module in design has a timescale.
WARNING: [XSIM 43-4099] "E:/tool/vivado/master/cdp_ede_local-master/cdp_ede_local-master-2/mycpu_env/gettrace/src/myCPU/SimpleLACoreWrapRAM.v" Line 6759. Module SimpleLACoreWrapRAM doesn't have a timescale but at least one module in design has a timescale.
WARNING: [XSIM 43-4099] "E:/tool/vivado/master/cdp_ede_local-master/cdp_ede_local-master-2/mycpu_env/gettrace/src/myCPU/SimpleLACoreWrapRAM.v" Line 1. Module SimpleLACore doesn't have a timescale but at least one module in design has a timescale.
WARNING: [XSIM 43-4099] "E:/tool/vivado/master/cdp_ede_local-master/cdp_ede_local-master-2/mycpu_env/gettrace/src/BRIDGE/bridge_1x2.v" Line 50. Module bridge_1x2 doesn't have a timescale but at least one module in design has a timescale.
WARNING: [XSIM 43-4099] "E:/tool/vivado/master/cdp_ede_local-master/cdp_ede_local-master-2/mycpu_env/gettrace/src/CONFREG/confreg.v" Line 74. Module confreg(SIMULATION=1'b1) doesn't have a timescale but at least one module in design has a timescale.
Completed simulation data flow analysis
Time Resolution for simulation is 1ps
Compiling module xil_defaultlib.SimpleLACore
Compiling module xil_defaultlib.SimpleLACoreWrapRAM
Compiling module xil_defaultlib.bridge_1x2
Compiling module xil_defaultlib.confreg(SIMULATION=1'b1)
Compiling module xil_defaultlib.soc_lite_top(SIMULATION=1'b1)
Compiling module xil_defaultlib.tb_top
Compiling module xil_defaultlib.glbl
Built simulation snapshot tb_top_behav

****** Webtalk v2019.2 (64-bit)
  **** SW Build 2708876 on Wed Nov  6 21:40:23 MST 2019
  **** IP Build 2700528 on Thu Nov  7 00:09:20 MST 2019
    ** Copyright 1986-2019 Xilinx, Inc. All Rights Reserved.

source E:/tool/vivado/master/cdp_ede_local-master/cdp_ede_local-master-2/mycpu_env/gettrace/gettrace.sim/sim_1/behav/xsim/xsim.dir/tb_top_behav/webtalk/xsim_webtalk.tcl -notrace
INFO: [Common 17-186] 'E:/tool/vivado/master/cdp_ede_local-master/cdp_ede_local-master-2/mycpu_env/gettrace/gettrace.sim/sim_1/behav/xsim/xsim.dir/tb_top_behav/webtalk/usage_statistics_ext_xsim.xml' has been successfully sent to Xilinx on Tue Sep  6 18:19:58 2022. For additional details about this file, please refer to the WebTalk help file at E:/tool/vivado/Vivado/2019.2/doc/webtalk_introduction.html.
INFO: [Common 17-206] Exiting Webtalk at Tue Sep  6 18:19:58 2022...
run_program: Time (s): cpu = 00:00:02 ; elapsed = 00:00:15 . Memory (MB): peak = 794.828 ; gain = 0.000
INFO: [USF-XSim-69] 'elaborate' step finished in '15' seconds
INFO: [USF-XSim-4] XSim::Simulate design
INFO: [USF-XSim-61] Executing 'SIMULATE' step in 'E:/tool/vivado/master/cdp_ede_local-master/cdp_ede_local-master-2/mycpu_env/gettrace/gettrace.sim/sim_1/behav/xsim'
INFO: [USF-XSim-98] *** Running xsim
   with args "tb_top_behav -key {Behavioral:sim_1:Functional:tb_top} -tclbatch {tb_top.tcl} -log {simulate.log}"
INFO: [USF-XSim-8] Loading simulator feature
Vivado Simulator 2019.2
Time resolution is 1 ps
source tb_top.tcl
# set curr_wave [current_wave_config]
# if { [string length $curr_wave] == 0 } {
#   if { [llength [get_objects]] > 0} {
#     add_wave /
#     set_property needs_save false [current_wave_config]
#   } else {
#      send_msg_id Add_Wave-1 WARNING "No top level signals found. Simulator will start without a wave window. If you want to open a wave window go to 'File->New Waveform Configuration' or type 'create_wave_config' in the TCL console."
#   }
# }
# run 1000ns
INFO: [USF-XSim-96] XSim completed. Design snapshot 'tb_top_behav' loaded.
INFO: [USF-XSim-97] XSim simulation ran for 1000ns
launch_simulation: Time (s): cpu = 00:00:08 ; elapsed = 00:00:22 . Memory (MB): peak = 829.965 ; gain = 37.602
run all
==============================================================
Test begin!
        [  22000 ns] Test is running, debug_wb_pc = 0x1c047544
----[  27865 ns] Number 8'd01 Functional Test Point PASS!!!
        [  32000 ns] Test is running, debug_wb_pc = 0x1c099600
        [  42000 ns] Test is running, debug_wb_pc = 0x1c09a5a0
        [  52000 ns] Test is running, debug_wb_pc = 0x1c09b540
        [  62000 ns] Test is running, debug_wb_pc = 0x1c09c4e0
        [  72000 ns] Test is running, debug_wb_pc = 0x1c09d480
        [  82000 ns] Test is running, debug_wb_pc = 0x1c09e420
        [  92000 ns] Test is running, debug_wb_pc = 0x1c09f3c0
        [ 102000 ns] Test is running, debug_wb_pc = 0x1c0a0360
        [ 112000 ns] Test is running, debug_wb_pc = 0x1c0a1300
----[ 112985 ns] Number 8'd02 Functional Test Point PASS!!!
        [ 122000 ns] Test is running, debug_wb_pc = 0x1c0550a8
        [ 132000 ns] Test is running, debug_wb_pc = 0x1c056048
        [ 142000 ns] Test is running, debug_wb_pc = 0x1c056fe8
        [ 152000 ns] Test is running, debug_wb_pc = 0x1c057f88
        [ 162000 ns] Test is running, debug_wb_pc = 0x1c058f28
        [ 172000 ns] Test is running, debug_wb_pc = 0x1c059ec8
----[ 180045 ns] Number 8'd03 Functional Test Point PASS!!!
        [ 182000 ns] Test is running, debug_wb_pc = 0x1c017ed0
        [ 192000 ns] Test is running, debug_wb_pc = 0x1c018e70
        [ 202000 ns] Test is running, debug_wb_pc = 0x1c019e10
        [ 212000 ns] Test is running, debug_wb_pc = 0x1c01adb0
        [ 222000 ns] Test is running, debug_wb_pc = 0x1c01bd50
        [ 232000 ns] Test is running, debug_wb_pc = 0x1c01ccf0
        [ 242000 ns] Test is running, debug_wb_pc = 0x1c01dc90
        [ 252000 ns] Test is running, debug_wb_pc = 0x1c01ec30
        [ 262000 ns] Test is running, debug_wb_pc = 0x1c01fbd0
----[ 268175 ns] Number 8'd04 Functional Test Point PASS!!!
        [ 272000 ns] Test is running, debug_wb_pc = 0x1c05b04c
        [ 282000 ns] Test is running, debug_wb_pc = 0x1c05bfec
        [ 292000 ns] Test is running, debug_wb_pc = 0x1c05cf8c
        [ 302000 ns] Test is running, debug_wb_pc = 0x1c05df2c
        [ 312000 ns] Test is running, debug_wb_pc = 0x1c05eecc
        [ 322000 ns] Test is running, debug_wb_pc = 0x1c05fe6c
        [ 332000 ns] Test is running, debug_wb_pc = 0x1c060e0c
        [ 342000 ns] Test is running, debug_wb_pc = 0x1c061dac
        [ 352000 ns] Test is running, debug_wb_pc = 0x1c062d4c
----[ 356305 ns] Number 8'd05 Functional Test Point PASS!!!
        [ 362000 ns] Test is running, debug_wb_pc = 0x1c0369a8
        [ 372000 ns] Test is running, debug_wb_pc = 0x1c037948
        [ 382000 ns] Test is running, debug_wb_pc = 0x1c0388e8
        [ 392000 ns] Test is running, debug_wb_pc = 0x1c039888
        [ 402000 ns] Test is running, debug_wb_pc = 0x1c03a828
        [ 412000 ns] Test is running, debug_wb_pc = 0x1c03b7c8
        [ 422000 ns] Test is running, debug_wb_pc = 0x1c03c768
        [ 432000 ns] Test is running, debug_wb_pc = 0x1c03d708
        [ 442000 ns] Test is running, debug_wb_pc = 0x1c03e6a8
----[ 444435 ns] Number 8'd06 Functional Test Point PASS!!!
        [ 452000 ns] Test is running, debug_wb_pc = 0x1c00fee4
        [ 462000 ns] Test is running, debug_wb_pc = 0x1c010e84
        [ 472000 ns] Test is running, debug_wb_pc = 0x1c011e24
        [ 482000 ns] Test is running, debug_wb_pc = 0x1c012dc4
        [ 492000 ns] Test is running, debug_wb_pc = 0x1c013d64
        [ 502000 ns] Test is running, debug_wb_pc = 0x1c014d04
        [ 512000 ns] Test is running, debug_wb_pc = 0x1c015ca4
        [ 522000 ns] Test is running, debug_wb_pc = 0x1c016c44
        [ 532000 ns] Test is running, debug_wb_pc = 0x1c017be4
----[ 532565 ns] Number 8'd07 Functional Test Point PASS!!!
        [ 542000 ns] Test is running, debug_wb_pc = 0x1c0a2240
        [ 552000 ns] Test is running, debug_wb_pc = 0x1c0a31e0
        [ 562000 ns] Test is running, debug_wb_pc = 0x1c0a4180
        [ 572000 ns] Test is running, debug_wb_pc = 0x1c0a5120
        [ 582000 ns] Test is running, debug_wb_pc = 0x1c0a60c0
        [ 592000 ns] Test is running, debug_wb_pc = 0x1c0a7060
        [ 602000 ns] Test is running, debug_wb_pc = 0x1c0a8000
        [ 612000 ns] Test is running, debug_wb_pc = 0x1c0a8fa0
----[ 620695 ns] Number 8'd08 Functional Test Point PASS!!!
        [ 622000 ns] Test is running, debug_wb_pc = 0x1c06350c
        [ 632000 ns] Test is running, debug_wb_pc = 0x1c0644ac
        [ 642000 ns] Test is running, debug_wb_pc = 0x1c06544c
        [ 652000 ns] Test is running, debug_wb_pc = 0x1c0663ec
        [ 662000 ns] Test is running, debug_wb_pc = 0x1c06738c
        [ 672000 ns] Test is running, debug_wb_pc = 0x1c06832c
        [ 682000 ns] Test is running, debug_wb_pc = 0x1c0692cc
        [ 692000 ns] Test is running, debug_wb_pc = 0x1c06a26c
        [ 702000 ns] Test is running, debug_wb_pc = 0x1c06b20c
----[ 708825 ns] Number 8'd09 Functional Test Point PASS!!!
        [ 712000 ns] Test is running, debug_wb_pc = 0x1c090bd0
        [ 722000 ns] Test is running, debug_wb_pc = 0x1c091b70
        [ 732000 ns] Test is running, debug_wb_pc = 0x1c092b10
        [ 742000 ns] Test is running, debug_wb_pc = 0x1c093ab0
        [ 752000 ns] Test is running, debug_wb_pc = 0x1c094a50
        [ 762000 ns] Test is running, debug_wb_pc = 0x1c0959f0
        [ 772000 ns] Test is running, debug_wb_pc = 0x1c096990
        [ 782000 ns] Test is running, debug_wb_pc = 0x1c097930
        [ 792000 ns] Test is running, debug_wb_pc = 0x1c0988d0
----[ 796955 ns] Number 8'd10 Functional Test Point PASS!!!
        [ 802000 ns] Test is running, debug_wb_pc = 0x1c0aa414
        [ 812000 ns] Test is running, debug_wb_pc = 0x1c0ab3b4
        [ 822000 ns] Test is running, debug_wb_pc = 0x1c0ac354
        [ 832000 ns] Test is running, debug_wb_pc = 0x1c0ad2f4
        [ 842000 ns] Test is running, debug_wb_pc = 0x1c0ae294
        [ 852000 ns] Test is running, debug_wb_pc = 0x1c0af234
        [ 862000 ns] Test is running, debug_wb_pc = 0x1c0b01d4
----[ 867025 ns] Number 8'd11 Functional Test Point PASS!!!
        [ 872000 ns] Test is running, debug_wb_pc = 0x1c07a1a0
        [ 882000 ns] Test is running, debug_wb_pc = 0x1c07b140
        [ 892000 ns] Test is running, debug_wb_pc = 0x1c07c0e0
        [ 902000 ns] Test is running, debug_wb_pc = 0x1c07d080
        [ 912000 ns] Test is running, debug_wb_pc = 0x1c07e020
        [ 922000 ns] Test is running, debug_wb_pc = 0x1c07efc0
        [ 932000 ns] Test is running, debug_wb_pc = 0x1c07ff60
----[ 937095 ns] Number 8'd12 Functional Test Point PASS!!!
        [ 942000 ns] Test is running, debug_wb_pc = 0x1c03f11c
        [ 952000 ns] Test is running, debug_wb_pc = 0x1c0400bc
        [ 962000 ns] Test is running, debug_wb_pc = 0x1c04105c
        [ 972000 ns] Test is running, debug_wb_pc = 0x1c041ffc
        [ 982000 ns] Test is running, debug_wb_pc = 0x1c042f9c
        [ 992000 ns] Test is running, debug_wb_pc = 0x1c043f3c
        [1002000 ns] Test is running, debug_wb_pc = 0x1c044edc
----[1007165 ns] Number 8'd13 Functional Test Point PASS!!!
        [1012000 ns] Test is running, debug_wb_pc = 0x1c0b1038
        [1022000 ns] Test is running, debug_wb_pc = 0x1c0b1fd8
----[1031685 ns] Number 8'd14 Functional Test Point PASS!!!
        [1032000 ns] Test is running, debug_wb_pc = 0x1c00f394
        [1042000 ns] Test is running, debug_wb_pc = 0x1c0b3e10
        [1052000 ns] Test is running, debug_wb_pc = 0x1c0b4db0
----[1058055 ns] Number 8'd15 Functional Test Point PASS!!!
        [1062000 ns] Test is running, debug_wb_pc = 0x1c0b5e2c
        [1072000 ns] Test is running, debug_wb_pc = 0x1c0b739c
        [1082000 ns] Test is running, debug_wb_pc = 0x1c0b88fc
        [1092000 ns] Test is running, debug_wb_pc = 0x1c0b9e6c
        [1102000 ns] Test is running, debug_wb_pc = 0x1c0bb3cc
        [1112000 ns] Test is running, debug_wb_pc = 0x1c0bc93c
        [1122000 ns] Test is running, debug_wb_pc = 0x1c0bdb74
        [1132000 ns] Test is running, debug_wb_pc = 0x1c0bed24
        [1142000 ns] Test is running, debug_wb_pc = 0x1c0bfee0
        [1152000 ns] Test is running, debug_wb_pc = 0x1c0c10cc
        [1162000 ns] Test is running, debug_wb_pc = 0x1c0c227c
        [1172000 ns] Test is running, debug_wb_pc = 0x1c0c3438
        [1182000 ns] Test is running, debug_wb_pc = 0x1c0c479c
        [1192000 ns] Test is running, debug_wb_pc = 0x1c0c5d0c
        [1202000 ns] Test is running, debug_wb_pc = 0x1c0c726c
        [1212000 ns] Test is running, debug_wb_pc = 0x1c0c87dc
        [1222000 ns] Test is running, debug_wb_pc = 0x1c0c9d3c
        [1232000 ns] Test is running, debug_wb_pc = 0x1c0cb2ac
----[1232545 ns] Number 8'd16 Functional Test Point PASS!!!
        [1242000 ns] Test is running, debug_wb_pc = 0x1c02153c
        [1252000 ns] Test is running, debug_wb_pc = 0x1c0226ec
        [1262000 ns] Test is running, debug_wb_pc = 0x1c0238d8
        [1272000 ns] Test is running, debug_wb_pc = 0x1c024a88
        [1282000 ns] Test is running, debug_wb_pc = 0x1c025c44
        [1292000 ns] Test is running, debug_wb_pc = 0x1c026e30
        [1302000 ns] Test is running, debug_wb_pc = 0x1c028138
        [1312000 ns] Test is running, debug_wb_pc = 0x1c0296a8
        [1322000 ns] Test is running, debug_wb_pc = 0x1c02ac08
        [1332000 ns] Test is running, debug_wb_pc = 0x1c02c178
        [1342000 ns] Test is running, debug_wb_pc = 0x1c02d6d8
        [1352000 ns] Test is running, debug_wb_pc = 0x1c02ec48
        [1362000 ns] Test is running, debug_wb_pc = 0x1c02fe24
        [1372000 ns] Test is running, debug_wb_pc = 0x1c031010
        [1382000 ns] Test is running, debug_wb_pc = 0x1c0321c0
        [1392000 ns] Test is running, debug_wb_pc = 0x1c03337c
        [1402000 ns] Test is running, debug_wb_pc = 0x1c0344f8
        [1412000 ns] Test is running, debug_wb_pc = 0x1c035718
----[1417925 ns] Number 8'd17 Functional Test Point PASS!!!
        [1422000 ns] Test is running, debug_wb_pc = 0x1c080d64
        [1432000 ns] Test is running, debug_wb_pc = 0x1c081ec4
        [1442000 ns] Test is running, debug_wb_pc = 0x1c083070
        [1452000 ns] Test is running, debug_wb_pc = 0x1c084208
        [1462000 ns] Test is running, debug_wb_pc = 0x1c085368
        [1472000 ns] Test is running, debug_wb_pc = 0x1c086514
        [1482000 ns] Test is running, debug_wb_pc = 0x1c0876ac
        [1492000 ns] Test is running, debug_wb_pc = 0x1c088844
        [1502000 ns] Test is running, debug_wb_pc = 0x1c0899fc
        [1512000 ns] Test is running, debug_wb_pc = 0x1c08ab50
        [1522000 ns] Test is running, debug_wb_pc = 0x1c08bce8
        [1532000 ns] Test is running, debug_wb_pc = 0x1c08ce48
        [1542000 ns] Test is running, debug_wb_pc = 0x1c08dff4
        [1552000 ns] Test is running, debug_wb_pc = 0x1c08f18c
        [1562000 ns] Test is running, debug_wb_pc = 0x1c0902ec
----[1564765 ns] Number 8'd18 Functional Test Point PASS!!!
        [1572000 ns] Test is running, debug_wb_pc = 0x1c048a08
        [1582000 ns] Test is running, debug_wb_pc = 0x1c049b84
        [1592000 ns] Test is running, debug_wb_pc = 0x1c04ad50
        [1602000 ns] Test is running, debug_wb_pc = 0x1c04beb4
        [1612000 ns] Test is running, debug_wb_pc = 0x1c04d04c
        [1622000 ns] Test is running, debug_wb_pc = 0x1c04e1e4
        [1632000 ns] Test is running, debug_wb_pc = 0x1c04f37c
        [1642000 ns] Test is running, debug_wb_pc = 0x1c050514
        [1652000 ns] Test is running, debug_wb_pc = 0x1c051690
        [1662000 ns] Test is running, debug_wb_pc = 0x1c05285c
        [1672000 ns] Test is running, debug_wb_pc = 0x1c0539c0
----[1677605 ns] Number 8'd19 Functional Test Point PASS!!!
        [1682000 ns] Test is running, debug_wb_pc = 0x1c06c368
        [1692000 ns] Test is running, debug_wb_pc = 0x1c06d548
        [1702000 ns] Test is running, debug_wb_pc = 0x1c06e728
        [1712000 ns] Test is running, debug_wb_pc = 0x1c06f8f8
        [1722000 ns] Test is running, debug_wb_pc = 0x1c070ad8
        [1732000 ns] Test is running, debug_wb_pc = 0x1c071cec
        [1742000 ns] Test is running, debug_wb_pc = 0x1c072ecc
        [1752000 ns] Test is running, debug_wb_pc = 0x1c0740ac
        [1762000 ns] Test is running, debug_wb_pc = 0x1c07528c
        [1772000 ns] Test is running, debug_wb_pc = 0x1c07646c
        [1782000 ns] Test is running, debug_wb_pc = 0x1c07768c
        [1792000 ns] Test is running, debug_wb_pc = 0x1c07881c
        [1802000 ns] Test is running, debug_wb_pc = 0x1c079a30
----[1802445 ns] Number 8'd20 Functional Test Point PASS!!!
==============================================================
gettrace end!
----Succeed in generating trace file!
$finish called at time : 1803495 ns : File "E:/tool/vivado/master/cdp_ede_local-master/cdp_ede_local-master-2/mycpu_env/gettrace/src/tb_top.v" Line 224
run: Time (s): cpu = 00:00:10 ; elapsed = 00:00:27 . Memory (MB): peak = 834.809 ; gain = 0.000
close_sim
INFO: [Simtcl 6-16] Simulation closed
close_sim: Time (s): cpu = 00:00:02 ; elapsed = 00:00:08 . Memory (MB): peak = 834.809 ; gain = 0.000
exit
INFO: [Common 17-206] Exiting Vivado at Tue Sep  6 18:22:33 2022...
