#-----------------------------------------------------------
# Vivado v2019.2 (64-bit)
# SW Build 2708876 on Wed Nov  6 21:40:23 MST 2019
# IP Build 2700528 on Thu Nov  7 00:09:20 MST 2019
# Start of session at: Tue Aug 30 19:57:01 2022
# Process ID: 22080
# Current directory: E:/tool/vivado/master/cdp_ede_local-master/cdp_ede_local-master/mycpu_env/gettrace
# Command line: vivado.exe -gui_launcher_event rodinguilauncherevent23792 E:\tool\vivado\master\cdp_ede_local-master\cdp_ede_local-master\mycpu_env\gettrace\gettrace.xpr
# Log file: E:/tool/vivado/master/cdp_ede_local-master/cdp_ede_local-master/mycpu_env/gettrace/vivado.log
# Journal file: E:/tool/vivado/master/cdp_ede_local-master/cdp_ede_local-master/mycpu_env/gettrace\vivado.jou
#-----------------------------------------------------------
start_gui
open_project E:/tool/vivado/master/cdp_ede_local-master/cdp_ede_local-master/mycpu_env/gettrace/gettrace.xpr
INFO: [ProjectBase 1-489] The host OS only allows 260 characters in a normal path. The project is stored in a path with more than 80 characters. If you experience issues with IP, Block Designs, or files not being found, please consider moving the project to a location with a shorter path. Alternately consider using the OS subst command to map part of the path to a drive letter.
Current project path is 'E:/tool/vivado/master/cdp_ede_local-master/cdp_ede_local-master/mycpu_env/gettrace'
INFO: [Project 1-313] Project file moved from 'C:/work/CDP_EDE_local/mycpu_env/gettrace' since last save.
Scanning sources...
Finished scanning sources
WARNING: [filemgmt 56-2] IPUserFilesDir: Could not find the directory 'E:/tool/vivado/master/cdp_ede_local-master/cdp_ede_local-master/mycpu_env/gettrace/gettrace.ip_user_files', nor could it be found using path 'C:/work/CDP_EDE_local/mycpu_env/gettrace/gettrace.ip_user_files'.
INFO: [IP_Flow 19-234] Refreshing IP repositories
INFO: [IP_Flow 19-1704] No user IP repositories specified
INFO: [IP_Flow 19-2313] Loaded Vivado IP repository 'E:/tool/vivado/Vivado/2019.2/data/ip'.
exit
INFO: [Common 17-206] Exiting Vivado at Tue Aug 30 19:57:21 2022...
