Vivado Simulator 2019.2
Copyright 1986-1999, 2001-2019 Xilinx, Inc. All Rights Reserved.
Running: E:/tool/vivado/Vivado/2019.2/bin/unwrapped/win64.o/xelab.exe -wto 4a1de39d0dc3444ba3b08bacfc82c5d9 --incr --debug typical --relax --mt 2 -L xil_defaultlib -L dist_mem_gen_v8_0_13 -L unisims_ver -L unimacro_ver -L secureip -L xpm --snapshot tb_top_behav xil_defaultlib.tb_top xil_defaultlib.glbl -log elaborate.log 
Using 2 slave threads.
Starting static elaboration
Pass Through NonSizing Optimizer
WARNING: [VRFC 10-3091] actual bit length 16 differs from formal bit length 14 for port 'a' [E:/tool/vivado/master/cdp_ede_local-master/cdp_ede_local-master/mycpu_env/soc_verify/soc_dram/rtl/soc_lite_top.v:166]
WARNING: [VRFC 10-3091] actual bit length 16 differs from formal bit length 10 for port 'a' [E:/tool/vivado/master/cdp_ede_local-master/cdp_ede_local-master/mycpu_env/soc_verify/soc_dram/rtl/soc_lite_top.v:198]
Completed static elaboration
Starting simulation data flow analysis
Completed simulation data flow analysis
Time Resolution for simulation is 1ps
Compiling module xil_defaultlib.decoder_6_64
Compiling module xil_defaultlib.decoder_4_16
Compiling module xil_defaultlib.decoder_2_4
Compiling module xil_defaultlib.decoder_5_32
Compiling module xil_defaultlib.regfile
Compiling module xil_defaultlib.alu
Compiling module xil_defaultlib.mycpu_top
Compiling module dist_mem_gen_v8_0_13.dist_mem_gen_v8_0_13(C_FAMILY="a...
Compiling module xil_defaultlib.inst_ram
Compiling module xil_defaultlib.bridge_1x2
Compiling module dist_mem_gen_v8_0_13.dist_mem_gen_v8_0_13(C_FAMILY="a...
Compiling module xil_defaultlib.data_ram
Compiling module xil_defaultlib.confreg(SIMULATION=1'b1)
Compiling module xil_defaultlib.soc_lite_top(SIMULATION=1'b1)
Compiling module xil_defaultlib.tb_top
WARNING: [XSIM 43-3373] "E:/tool/vivado/master/cdp_ede_local-master/cdp_ede_local-master/mycpu_env/soc_verify/soc_dram/testbench/mycpu_tb.v" Line 124. System function $fscanf is used as system task. This system function should have a LHS e.g. x=$fscanf().
Compiling module xil_defaultlib.glbl
Built simulation snapshot tb_top_behav
